<?xml version="1.0" encoding="UTF-8" ?>
<testsuite tests="4" failures="0" name="net.squarelabs.sqorm.QueryCacheTest" time="0" errors="0" skipped="0">
  <properties>
[...]
</properties>
  <testcase classname="net.squarelabs.sqorm.QueryCacheTest" name="querySplitterShouldHandleQuotes" time="0"/>
  <testcase classname="net.squarelabs.sqorm.QueryCacheTest" name="querySplitterShouldHandleNestedQuotes" time="0"/>
  <testcase classname="net.squarelabs.sqorm.QueryCacheTest" name="loadStatementShouldReplaceNamedParms" time="0"/>
  <testcase classname="net.squarelabs.sqorm.QueryCacheTest" name="querySplitterShouldSplit" time="0"/>
</testsuite>